<?xml version="1.0" encoding="UTF-8"?>
<!-- Generated by org.testng.reporters.JUnitXMLReporter -->
<testsuite hostname="INF84" ignored="1" name="Default test" tests="1" failures="0" timestamp="09 set 2019 17:12:49 GMT" time="5.622" errors="0">
  <testcase name="imprimirTabelaPorSchema" time="5.596" classname="br.gov.pa.ufpa.velocity.teste.TesteAprendizado"/>
  <testcase name="imprimirSchemas" time="0.0" classname="br.gov.pa.ufpa.velocity.teste.TesteAprendizado">
    <ignored/>
  </testcase> <!-- imprimirSchemas -->
</testsuite> <!-- Default test -->
