<?xml version="1.0" encoding="UTF-8"?>
<!-- Generated by org.testng.reporters.JUnitXMLReporter -->
<testsuite hostname="INF84" ignored="5" name="Default test" tests="1" failures="0" timestamp="04 nov 2019 16:19:32 GMT" time="6.241" errors="0">
  <testcase name="TesteGerarSQL" time="6.219" classname="br.gov.pa.ufpa.velocity.teste.TesteSQL"/>
  <testcase name="obterTabelas" time="0.0" classname="br.gov.pa.ufpa.velocity.teste.TesteSQL">
    <ignored/>
  </testcase> <!-- obterTabelas -->
  <testcase name="obterBanco" time="0.0" classname="br.gov.pa.ufpa.velocity.teste.TesteSQL">
    <ignored/>
  </testcase> <!-- obterBanco -->
  <testcase name="obterDados" time="0.0" classname="br.gov.pa.ufpa.velocity.teste.TesteSQL">
    <ignored/>
  </testcase> <!-- obterDados -->
  <testcase name="obterBase" time="0.0" classname="br.gov.pa.ufpa.velocity.teste.TesteSQL">
    <ignored/>
  </testcase> <!-- obterBase -->
  <testcase name="obterSchemas" time="0.0" classname="br.gov.pa.ufpa.velocity.teste.TesteSQL">
    <ignored/>
  </testcase> <!-- obterSchemas -->
</testsuite> <!-- Default test -->
